

Microchip MPLAB XC8 Assembler V2.36 build 20220127204148 
                                                                                               Fri Apr 18 23:57:31 2025

Microchip MPLAB XC8 C Compiler v2.36 (Free license) build 20220127204148 Og1 
     1                           	processor	18F25K22
     2                           	fnconf	rparam,??,?,0
     3                           	pagewidth 120
     4                           	opt	flic
     5                           	psect	idataCOMRAM,global,class=CODE,delta=1,noexec
     6                           	psect	cinit,global,reloc=2,class=CODE,delta=1
     7                           	psect	bssCOMRAM,global,class=COMRAM,space=1,delta=1,lowdata,noexec
     8                           	psect	dataCOMRAM,global,class=COMRAM,space=1,delta=1,lowdata,noexec
     9                           	psect	cstackCOMRAM,global,class=COMRAM,space=1,delta=1,lowdata,noexec
    10                           	psect	text0,global,reloc=2,class=CODE,delta=1
    11                           	psect	text1,global,reloc=2,class=CODE,delta=1
    12                           	psect	text2,global,reloc=2,class=CODE,delta=1
    13                           	psect	text3,global,reloc=2,class=CODE,delta=1
    14                           	psect	text4,global,reloc=2,class=CODE,delta=1
    15                           	psect	text5,global,reloc=2,class=CODE,delta=1
    16                           	psect	text6,global,reloc=2,class=CODE,delta=1
    17                           	psect	text7,global,reloc=2,class=CODE,delta=1
    18                           	psect	intsave_regs,global,class=BIGRAM,space=1,delta=1,noexec
    19                           	psect	rparam,global,class=COMRAM,space=1,delta=1,noexec
    20                           	psect	idloc,global,abs,ovrld,class=IDLOC,space=5,delta=1,noexec
    21                           	psect	config,global,abs,ovrld,class=CONFIG,space=4,delta=1,noexec
    22  0000                     
    23                           ; Version 2.35
    24                           ; Generated 05/05/2021 GMT
    25                           ; 
    26                           ; Copyright © 2021, Microchip Technology Inc. and its subsidiaries ("Microchip")
    27                           ; All rights reserved.
    28                           ; 
    29                           ; This software is developed by Microchip Technology Inc. and its subsidiaries ("Microch
      +                          ip").
    30                           ; 
    31                           ; Redistribution and use in source and binary forms, with or without modification, are
    32                           ; permitted provided that the following conditions are met:
    33                           ; 
    34                           ;     1. Redistributions of source code must retain the above copyright notice, this lis
      +                          t of
    35                           ;        conditions and the following disclaimer.
    36                           ; 
    37                           ;     2. Redistributions in binary form must reproduce the above copyright notice, this 
      +                          list
    38                           ;        of conditions and the following disclaimer in the documentation and/or other
    39                           ;        materials provided with the distribution. Publication is not required when
    40                           ;        this file is used in an embedded application.
    41                           ; 
    42                           ;     3. Microchip's name may not be used to endorse or promote products derived from th
      +                          is
    43                           ;        software without specific prior written permission.
    44                           ; 
    45                           ; THIS SOFTWARE IS PROVIDED BY MICROCHIP "AS IS" AND ANY EXPRESS OR IMPLIED WARRANTIES,
    46                           ; INCLUDING, BUT NOT LIMITED TO, THE IMPLIED WARRANTIES OF MERCHANTABILITY AND FITNESS F
      +                          OR
    47                           ; PURPOSE ARE DISCLAIMED.  IN NO EVENT SHALL MICROCHIP BE LIABLE FOR ANY DIRECT, INDIREC
      +                          T,
    48                           ; INCIDENTAL, SPECIAL, EXEMPLARY, OR CONSEQUENTIAL DAMAGES (INCLUDING BUT NOT LIMITED TO
    49                           ; PROCUREMENT OF SUBSTITUTE GOODS OR SERVICES; LOSS OF USE, DATA OR PROFITS; OR BUSINESS
    50                           ; INTERRUPTION) HOWSOEVER CAUSED AND ON ANY THEORY OF LIABILITY, WHETHER IN CONTRACT, ST
      +                          RICT
    51                           ; LIABILITY, OR TORT (INCLUDING NEGLIGENCE OR OTHERWISE) ARISING IN ANY WAY OUT OF THE U
      +                          SE OF
    52                           ; THIS SOFTWARE, EVEN IF ADVISED OF THE POSSIBILITY OF SUCH DAMAGE.
    53                           ; 
    54                           ; 
    55                           ; Code-generator required, PIC18F25K22 Definitions
    56                           ; 
    57                           ; SFR Addresses
    58  0000                     
    59                           	psect	idataCOMRAM
    60  007D44                     __pidataCOMRAM:
    61                           	callstack 0
    62                           
    63                           ;initializer for _minPWM_Duty
    64  007D44  0078               	dw	120
    65                           
    66                           ;initializer for _maxPWM_Duty
    67  007D46  01F4               	dw	500
    68  0000                     _TRISB	set	3987
    69  0000                     _ANSELC	set	3898
    70  0000                     _ANSELB	set	3897
    71  0000                     _ANSELA	set	3896
    72  0000                     _SSP2CON2bits	set	3947
    73  0000                     _SSP2CON1	set	3948
    74  0000                     _SSP2STAT	set	3949
    75  0000                     _SSP2ADD	set	3950
    76  0000                     _TRISBbits	set	3987
    77  0000                     _TRISC	set	3988
    78  0000                     _OSCTUNEbits	set	3995
    79  0000                     _PIR3bits	set	4004
    80  0000                     _PORTA	set	3968
    81  0000                     _LATA	set	3977
    82  0000                     _TRISA	set	3986
    83  0000                     _SSP2BUF	set	3951
    84  0000                     _OSCCONbits	set	4051
    85  0000                     _LATC	set	3979
    86  0000                     _LATB	set	3978
    87  0000                     _PORTC	set	3970
    88  0000                     _PORTB	set	3969
    89                           
    90                           ; #config settings
    91                           
    92                           	psect	cinit
    93  007D9C                     __pcinit:
    94                           	callstack 0
    95  007D9C                     start_initialization:
    96                           	callstack 0
    97  007D9C                     __initialization:
    98                           	callstack 0
    99                           
   100                           ; Initialize objects allocated to COMRAM (4 bytes)
   101                           ; load TBLPTR registers with __pidataCOMRAM
   102  007D9C  0E44               	movlw	low __pidataCOMRAM
   103  007D9E  6EF6               	movwf	tblptrl,c
   104  007DA0  0E7D               	movlw	high __pidataCOMRAM
   105  007DA2  6EF7               	movwf	tblptrh,c
   106  007DA4  0E00               	movlw	low (__pidataCOMRAM shr (0+16))
   107  007DA6  6EF8               	movwf	tblptru,c
   108  007DA8  EE00  F00F         	lfsr	0,__pdataCOMRAM
   109  007DAC  EE10 F004          	lfsr	1,4
   110  007DB0                     copy_data0:
   111  007DB0  0009               	tblrd		*+
   112  007DB2  CFF5 FFEE          	movff	tablat,postinc0
   113  007DB6  50E5               	movf	postdec1,w,c
   114  007DB8  50E1               	movf	fsr1l,w,c
   115  007DBA  E1FA               	bnz	copy_data0
   116                           
   117                           ; Clear objects allocated to COMRAM (6 bytes)
   118  007DBC  6A0E               	clrf	(__pbssCOMRAM+5)& (0+255),c
   119  007DBE  6A0D               	clrf	(__pbssCOMRAM+4)& (0+255),c
   120  007DC0  6A0C               	clrf	(__pbssCOMRAM+3)& (0+255),c
   121  007DC2  6A0B               	clrf	(__pbssCOMRAM+2)& (0+255),c
   122  007DC4  6A0A               	clrf	(__pbssCOMRAM+1)& (0+255),c
   123  007DC6  6A09               	clrf	__pbssCOMRAM& (0+255),c
   124  007DC8                     end_of_initialization:
   125                           	callstack 0
   126  007DC8                     __end_of__initialization:
   127                           	callstack 0
   128  007DC8  0100               	movlb	0
   129  007DCA  EF6C  F03F         	goto	_main	;jump to C main() function
   130                           
   131                           	psect	bssCOMRAM
   132  000009                     __pbssCOMRAM:
   133                           	callstack 0
   134  000009                     __oscillator_freq:
   135                           	callstack 0
   136  000009                     	ds	4
   137  00000D                     _duty:
   138                           	callstack 0
   139  00000D                     	ds	2
   140                           
   141                           	psect	dataCOMRAM
   142  00000F                     __pdataCOMRAM:
   143                           	callstack 0
   144  00000F                     _minPWM_Duty:
   145                           	callstack 0
   146  00000F                     	ds	2
   147  000011                     _maxPWM_Duty:
   148                           	callstack 0
   149  000011                     	ds	2
   150                           
   151                           	psect	cstackCOMRAM
   152  000001                     __pcstackCOMRAM:
   153                           	callstack 0
   154  000001                     I2C_Write_Byte@BYTE:
   155                           	callstack 0
   156                           
   157                           ; 1 bytes @ 0x0
   158  000001                     	ds	1
   159  000002                     ??_PCA9685_Init:
   160  000002                     PCA9685_SetPWM@DATA_ON:
   161                           	callstack 0
   162                           
   163                           ; 2 bytes @ 0x1
   164  000002                     	ds	2
   165  000004                     PCA9685_SetPWM@DATA_OFF:
   166                           	callstack 0
   167                           
   168                           ; 2 bytes @ 0x3
   169  000004                     	ds	2
   170  000006                     PCA9685_SetPWM@CHANNEL:
   171                           	callstack 0
   172                           
   173                           ; 1 bytes @ 0x5
   174  000006                     	ds	1
   175  000007                     ??_main:
   176                           
   177                           ; 1 bytes @ 0x6
   178  000007                     	ds	2
   179                           
   180 ;;
   181 ;;Main: autosize = 0, tempsize = 2, incstack = 0, save=0
   182 ;;
   183 ;; *************** function _main *****************
   184 ;; Defined at:
   185 ;;		line 27 in file "../XC8-18F25K22_ServoCtrl_Module.X/main.c"
   186 ;; Parameters:    Size  Location     Type
   187 ;;		None
   188 ;; Auto vars:     Size  Location     Type
   189 ;;		None
   190 ;; Return value:  Size  Location     Type
   191 ;;                  1    wreg      void 
   192 ;; Registers used:
   193 ;;		wreg, status,2, status,0, prodl, prodh, cstack
   194 ;; Tracked objects:
   195 ;;		On entry : 0/0
   196 ;;		On exit  : 0/0
   197 ;;		Unchanged: 0/0
   198 ;; Data sizes:     COMRAM   BANK0   BANK1   BANK2   BANK3   BANK4   BANK5
   199 ;;      Params:         0       0       0       0       0       0       0
   200 ;;      Locals:         0       0       0       0       0       0       0
   201 ;;      Temps:          2       0       0       0       0       0       0
   202 ;;      Totals:         2       0       0       0       0       0       0
   203 ;;Total ram usage:        2 bytes
   204 ;; Hardware stack levels required when called: 2
   205 ;; This function calls:
   206 ;;		_I2C_Init
   207 ;;		_MCU_Init
   208 ;;		_PCA9685_Init
   209 ;;		_PCA9685_SetPWM
   210 ;; This function is called by:
   211 ;;		Startup code after reset
   212 ;; This function uses a non-reentrant model
   213 ;;
   214                           
   215                           	psect	text0
   216  007ED8                     __ptext0:
   217                           	callstack 0
   218  007ED8                     _main:
   219                           	callstack 29
   220  007ED8                     
   221                           ;../XC8-18F25K22_ServoCtrl_Module.X/main.c: 28:     MCU_Init();
   222  007ED8  EC02  F03F         	call	_MCU_Init	;wreg free
   223                           
   224                           ;../XC8-18F25K22_ServoCtrl_Module.X/main.c: 29:     I2C_Init();
   225  007EDC  ECA4  F03E         	call	_I2C_Init	;wreg free
   226  007EE0                     
   227                           ;../XC8-18F25K22_ServoCtrl_Module.X/main.c: 30:     PCA9685_Init();
   228  007EE0  EC1F  F03F         	call	_PCA9685_Init	;wreg free
   229  007EE4                     l1021:
   230                           
   231                           ;../XC8-18F25K22_ServoCtrl_Module.X/main.c: 32:         for (duty = minPWM_Duty; duty < 
      +                          maxPWM_Duty; duty=duty+5) {
   232  007EE4  0E00               	movlw	0
   233  007EE6  6E0E               	movwf	(_duty+1)^0,c
   234  007EE8  0E78               	movlw	120
   235  007EEA  6E0D               	movwf	_duty^0,c
   236  007EEC  EFA0  F03F         	goto	l1029
   237  007EF0                     l1023:
   238                           
   239                           ;../XC8-18F25K22_ServoCtrl_Module.X/main.c: 33:             PCA9685_SetPWM(0,0,duty);
   240  007EF0  0E00               	movlw	0
   241  007EF2  6E03               	movwf	(PCA9685_SetPWM@DATA_ON+1)^0,c
   242  007EF4  0E00               	movlw	0
   243  007EF6  6E02               	movwf	PCA9685_SetPWM@DATA_ON^0,c
   244  007EF8  C00D  F004         	movff	_duty,PCA9685_SetPWM@DATA_OFF
   245  007EFC  C00E  F005         	movff	_duty+1,PCA9685_SetPWM@DATA_OFF+1
   246  007F00  0E00               	movlw	0
   247  007F02  ECE7  F03E         	call	_PCA9685_SetPWM
   248                           
   249                           ;../XC8-18F25K22_ServoCtrl_Module.X/main.c: 34:             PCA9685_SetPWM(1,0,duty);
   250  007F06  0E00               	movlw	0
   251  007F08  6E03               	movwf	(PCA9685_SetPWM@DATA_ON+1)^0,c
   252  007F0A  0E00               	movlw	0
   253  007F0C  6E02               	movwf	PCA9685_SetPWM@DATA_ON^0,c
   254  007F0E  C00D  F004         	movff	_duty,PCA9685_SetPWM@DATA_OFF
   255  007F12  C00E  F005         	movff	_duty+1,PCA9685_SetPWM@DATA_OFF+1
   256  007F16  0E01               	movlw	1
   257  007F18  ECE7  F03E         	call	_PCA9685_SetPWM
   258  007F1C                     
   259                           ;../XC8-18F25K22_ServoCtrl_Module.X/main.c: 35:             _delay((unsigned long)((50)*
      +                          (64000000/4000.0)));
   260  007F1C  0E05               	movlw	5
   261  007F1E  6E08               	movwf	(??_main+1)^0,c
   262  007F20  0E0F               	movlw	15
   263  007F22  6E07               	movwf	??_main^0,c
   264  007F24  0EF1               	movlw	241
   265  007F26                     u167:
   266  007F26  2EE8               	decfsz	wreg,f,c
   267  007F28  D7FE               	bra	u167
   268  007F2A  2E07               	decfsz	??_main^0,f,c
   269  007F2C  D7FC               	bra	u167
   270  007F2E  2E08               	decfsz	(??_main+1)^0,f,c
   271  007F30  D7FA               	bra	u167
   272  007F32  F000               	nop	
   273  007F34                     
   274                           ;../XC8-18F25K22_ServoCtrl_Module.X/main.c: 36:         }
   275  007F34  0E05               	movlw	5
   276  007F36  240D               	addwf	_duty^0,w,c
   277  007F38  6E0D               	movwf	_duty^0,c
   278  007F3A  0E00               	movlw	0
   279  007F3C  200E               	addwfc	(_duty+1)^0,w,c
   280  007F3E  6E0E               	movwf	(_duty+1)^0,c
   281  007F40                     l1029:
   282  007F40  0EF4               	movlw	244
   283  007F42  5C0D               	subwf	_duty^0,w,c
   284  007F44  0E01               	movlw	1
   285  007F46  580E               	subwfb	(_duty+1)^0,w,c
   286  007F48  A0D8               	btfss	status,0,c
   287  007F4A  EFA9  F03F         	goto	u141
   288  007F4E  EFAB  F03F         	goto	u140
   289  007F52                     u141:
   290  007F52  EF78  F03F         	goto	l1023
   291  007F56                     u140:
   292  007F56                     
   293                           ;../XC8-18F25K22_ServoCtrl_Module.X/main.c: 37:         _delay((unsigned long)((200)*(64
      +                          000000/4000.0)));
   294  007F56  0E11               	movlw	17
   295  007F58  6E08               	movwf	(??_main+1)^0,c
   296  007F5A  0E3C               	movlw	60
   297  007F5C  6E07               	movwf	??_main^0,c
   298  007F5E  0ECB               	movlw	203
   299  007F60                     u177:
   300  007F60  2EE8               	decfsz	wreg,f,c
   301  007F62  D7FE               	bra	u177
   302  007F64  2E07               	decfsz	??_main^0,f,c
   303  007F66  D7FC               	bra	u177
   304  007F68  2E08               	decfsz	(??_main+1)^0,f,c
   305  007F6A  D7FA               	bra	u177
   306  007F6C  F000               	nop	
   307  007F6E                     
   308                           ;../XC8-18F25K22_ServoCtrl_Module.X/main.c: 38:         for (duty = maxPWM_Duty; duty > 
      +                          minPWM_Duty; duty=duty-5) {
   309  007F6E  0E01               	movlw	1
   310  007F70  6E0E               	movwf	(_duty+1)^0,c
   311  007F72  0EF4               	movlw	244
   312  007F74  6E0D               	movwf	_duty^0,c
   313  007F76  EFE5  F03F         	goto	l1041
   314  007F7A                     l1035:
   315                           
   316                           ;../XC8-18F25K22_ServoCtrl_Module.X/main.c: 39:             PCA9685_SetPWM(0,0,duty);
   317  007F7A  0E00               	movlw	0
   318  007F7C  6E03               	movwf	(PCA9685_SetPWM@DATA_ON+1)^0,c
   319  007F7E  0E00               	movlw	0
   320  007F80  6E02               	movwf	PCA9685_SetPWM@DATA_ON^0,c
   321  007F82  C00D  F004         	movff	_duty,PCA9685_SetPWM@DATA_OFF
   322  007F86  C00E  F005         	movff	_duty+1,PCA9685_SetPWM@DATA_OFF+1
   323  007F8A  0E00               	movlw	0
   324  007F8C  ECE7  F03E         	call	_PCA9685_SetPWM
   325                           
   326                           ;../XC8-18F25K22_ServoCtrl_Module.X/main.c: 40:             PCA9685_SetPWM(1,0,duty);
   327  007F90  0E00               	movlw	0
   328  007F92  6E03               	movwf	(PCA9685_SetPWM@DATA_ON+1)^0,c
   329  007F94  0E00               	movlw	0
   330  007F96  6E02               	movwf	PCA9685_SetPWM@DATA_ON^0,c
   331  007F98  C00D  F004         	movff	_duty,PCA9685_SetPWM@DATA_OFF
   332  007F9C  C00E  F005         	movff	_duty+1,PCA9685_SetPWM@DATA_OFF+1
   333  007FA0  0E01               	movlw	1
   334  007FA2  ECE7  F03E         	call	_PCA9685_SetPWM
   335  007FA6                     
   336                           ;../XC8-18F25K22_ServoCtrl_Module.X/main.c: 41:             _delay((unsigned long)((50)*
      +                          (64000000/4000.0)));
   337  007FA6  0E05               	movlw	5
   338  007FA8  6E08               	movwf	(??_main+1)^0,c
   339  007FAA  0E0F               	movlw	15
   340  007FAC  6E07               	movwf	??_main^0,c
   341  007FAE  0EF1               	movlw	241
   342  007FB0                     u187:
   343  007FB0  2EE8               	decfsz	wreg,f,c
   344  007FB2  D7FE               	bra	u187
   345  007FB4  2E07               	decfsz	??_main^0,f,c
   346  007FB6  D7FC               	bra	u187
   347  007FB8  2E08               	decfsz	(??_main+1)^0,f,c
   348  007FBA  D7FA               	bra	u187
   349  007FBC  F000               	nop	
   350  007FBE                     
   351                           ;../XC8-18F25K22_ServoCtrl_Module.X/main.c: 42:         }
   352  007FBE  0EFB               	movlw	251
   353  007FC0  240D               	addwf	_duty^0,w,c
   354  007FC2  6E0D               	movwf	_duty^0,c
   355  007FC4  0EFF               	movlw	255
   356  007FC6  200E               	addwfc	(_duty+1)^0,w,c
   357  007FC8  6E0E               	movwf	(_duty+1)^0,c
   358  007FCA                     l1041:
   359  007FCA  500E               	movf	(_duty+1)^0,w,c
   360  007FCC  E107               	bnz	u151
   361  007FCE  0E79               	movlw	121
   362  007FD0  5C0D               	subwf	_duty^0,w,c
   363  007FD2  B0D8               	btfsc	status,0,c
   364  007FD4  EFEE  F03F         	goto	u151
   365  007FD8  EFF0  F03F         	goto	u150
   366  007FDC                     u151:
   367  007FDC  EFBD  F03F         	goto	l1035
   368  007FE0                     u150:
   369  007FE0                     
   370                           ;../XC8-18F25K22_ServoCtrl_Module.X/main.c: 43:         _delay((unsigned long)((200)*(64
      +                          000000/4000.0)));
   371  007FE0  0E11               	movlw	17
   372  007FE2  6E08               	movwf	(??_main+1)^0,c
   373  007FE4  0E3C               	movlw	60
   374  007FE6  6E07               	movwf	??_main^0,c
   375  007FE8  0ECB               	movlw	203
   376  007FEA                     u197:
   377  007FEA  2EE8               	decfsz	wreg,f,c
   378  007FEC  D7FE               	bra	u197
   379  007FEE  2E07               	decfsz	??_main^0,f,c
   380  007FF0  D7FC               	bra	u197
   381  007FF2  2E08               	decfsz	(??_main+1)^0,f,c
   382  007FF4  D7FA               	bra	u197
   383  007FF6  F000               	nop	
   384  007FF8  EF72  F03F         	goto	l1021
   385  007FFC  EF00  F000         	goto	start
   386  008000                     __end_of_main:
   387                           	callstack 0
   388                           
   389 ;; *************** function _PCA9685_SetPWM *****************
   390 ;; Defined at:
   391 ;;		line 94 in file "../XC8-18F25K22_ServoCtrl_Module.X/PCA9685.c"
   392 ;; Parameters:    Size  Location     Type
   393 ;;  CHANNEL         1    wreg     unsigned char 
   394 ;;  DATA_ON         2    1[COMRAM] unsigned int 
   395 ;;  DATA_OFF        2    3[COMRAM] unsigned int 
   396 ;; Auto vars:     Size  Location     Type
   397 ;;  CHANNEL         1    5[COMRAM] unsigned char 
   398 ;; Return value:  Size  Location     Type
   399 ;;                  1    wreg      void 
   400 ;; Registers used:
   401 ;;		wreg, status,2, status,0, prodl, prodh, cstack
   402 ;; Tracked objects:
   403 ;;		On entry : 0/0
   404 ;;		On exit  : 0/0
   405 ;;		Unchanged: 0/0
   406 ;; Data sizes:     COMRAM   BANK0   BANK1   BANK2   BANK3   BANK4   BANK5
   407 ;;      Params:         4       0       0       0       0       0       0
   408 ;;      Locals:         1       0       0       0       0       0       0
   409 ;;      Temps:          0       0       0       0       0       0       0
   410 ;;      Totals:         5       0       0       0       0       0       0
   411 ;;Total ram usage:        5 bytes
   412 ;; Hardware stack levels used: 1
   413 ;; Hardware stack levels required when called: 1
   414 ;; This function calls:
   415 ;;		_I2C_Start
   416 ;;		_I2C_Stop
   417 ;;		_I2C_Write_Byte
   418 ;; This function is called by:
   419 ;;		_main
   420 ;; This function uses a non-reentrant model
   421 ;;
   422                           
   423                           	psect	text1
   424  007DCE                     __ptext1:
   425                           	callstack 0
   426  007DCE                     _PCA9685_SetPWM:
   427                           	callstack 29
   428                           
   429                           ;incstack = 0
   430                           ;PCA9685_SetPWM@CHANNEL stored from wreg
   431  007DCE  6E06               	movwf	PCA9685_SetPWM@CHANNEL^0,c
   432  007DD0                     
   433                           ;../XC8-18F25K22_ServoCtrl_Module.X/PCA9685.c: 95:     I2C_Start();
   434  007DD0  ECAD  F03E         	call	_I2C_Start	;wreg free
   435  007DD4                     
   436                           ;../XC8-18F25K22_ServoCtrl_Module.X/PCA9685.c: 96:     I2C_Write_Byte(0x80);
   437  007DD4  0E80               	movlw	128
   438  007DD6  ECC1  F03E         	call	_I2C_Write_Byte
   439  007DDA                     
   440                           ;../XC8-18F25K22_ServoCtrl_Module.X/PCA9685.c: 97:     I2C_Write_Byte(0x06 + 4 * CHANNEL
      +                          );
   441  007DDA  5006               	movf	PCA9685_SetPWM@CHANNEL^0,w,c
   442  007DDC  0D04               	mullw	4
   443  007DDE  50F3               	movf	243,w,c
   444  007DE0  0F06               	addlw	6
   445  007DE2  ECC1  F03E         	call	_I2C_Write_Byte
   446  007DE6                     
   447                           ;../XC8-18F25K22_ServoCtrl_Module.X/PCA9685.c: 98:     I2C_Write_Byte(DATA_ON);
   448  007DE6  5002               	movf	PCA9685_SetPWM@DATA_ON^0,w,c
   449  007DE8  ECC1  F03E         	call	_I2C_Write_Byte
   450  007DEC                     
   451                           ;../XC8-18F25K22_ServoCtrl_Module.X/PCA9685.c: 99:     I2C_Write_Byte(DATA_ON>>8);
   452  007DEC  5003               	movf	(PCA9685_SetPWM@DATA_ON+1)^0,w,c
   453  007DEE  ECC1  F03E         	call	_I2C_Write_Byte
   454  007DF2                     
   455                           ;../XC8-18F25K22_ServoCtrl_Module.X/PCA9685.c: 100:     I2C_Write_Byte(DATA_OFF);
   456  007DF2  5004               	movf	PCA9685_SetPWM@DATA_OFF^0,w,c
   457  007DF4  ECC1  F03E         	call	_I2C_Write_Byte
   458  007DF8                     
   459                           ;../XC8-18F25K22_ServoCtrl_Module.X/PCA9685.c: 101:     I2C_Write_Byte(DATA_OFF>>8);
   460  007DF8  5005               	movf	(PCA9685_SetPWM@DATA_OFF+1)^0,w,c
   461  007DFA  ECC1  F03E         	call	_I2C_Write_Byte
   462  007DFE                     
   463                           ;../XC8-18F25K22_ServoCtrl_Module.X/PCA9685.c: 102:     I2C_Stop();
   464  007DFE  ECB7  F03E         	call	_I2C_Stop	;wreg free
   465  007E02  0012               	return		;funcret
   466  007E04                     __end_of_PCA9685_SetPWM:
   467                           	callstack 0
   468                           
   469 ;; *************** function _PCA9685_Init *****************
   470 ;; Defined at:
   471 ;;		line 55 in file "../XC8-18F25K22_ServoCtrl_Module.X/PCA9685.c"
   472 ;; Parameters:    Size  Location     Type
   473 ;;		None
   474 ;; Auto vars:     Size  Location     Type
   475 ;;		None
   476 ;; Return value:  Size  Location     Type
   477 ;;                  1    wreg      void 
   478 ;; Registers used:
   479 ;;		wreg, cstack
   480 ;; Tracked objects:
   481 ;;		On entry : 0/0
   482 ;;		On exit  : 0/0
   483 ;;		Unchanged: 0/0
   484 ;; Data sizes:     COMRAM   BANK0   BANK1   BANK2   BANK3   BANK4   BANK5
   485 ;;      Params:         0       0       0       0       0       0       0
   486 ;;      Locals:         0       0       0       0       0       0       0
   487 ;;      Temps:          1       0       0       0       0       0       0
   488 ;;      Totals:         1       0       0       0       0       0       0
   489 ;;Total ram usage:        1 bytes
   490 ;; Hardware stack levels used: 1
   491 ;; Hardware stack levels required when called: 1
   492 ;; This function calls:
   493 ;;		_I2C_Start
   494 ;;		_I2C_Stop
   495 ;;		_I2C_Write_Byte
   496 ;; This function is called by:
   497 ;;		_main
   498 ;; This function uses a non-reentrant model
   499 ;;
   500                           
   501                           	psect	text2
   502  007E3E                     __ptext2:
   503                           	callstack 0
   504  007E3E                     _PCA9685_Init:
   505                           	callstack 29
   506  007E3E                     
   507                           ;../XC8-18F25K22_ServoCtrl_Module.X/PCA9685.c: 56:      I2C_Start();
   508  007E3E  ECAD  F03E         	call	_I2C_Start	;wreg free
   509  007E42                     
   510                           ;../XC8-18F25K22_ServoCtrl_Module.X/PCA9685.c: 57:      I2C_Write_Byte(0x80);
   511  007E42  0E80               	movlw	128
   512  007E44  ECC1  F03E         	call	_I2C_Write_Byte
   513  007E48                     
   514                           ;../XC8-18F25K22_ServoCtrl_Module.X/PCA9685.c: 58:      I2C_Write_Byte(0x00);
   515  007E48  0E00               	movlw	0
   516  007E4A  ECC1  F03E         	call	_I2C_Write_Byte
   517  007E4E                     
   518                           ;../XC8-18F25K22_ServoCtrl_Module.X/PCA9685.c: 59:      I2C_Write_Byte(0b00110001);
   519  007E4E  0E31               	movlw	49
   520  007E50  ECC1  F03E         	call	_I2C_Write_Byte
   521  007E54                     
   522                           ;../XC8-18F25K22_ServoCtrl_Module.X/PCA9685.c: 60:      I2C_Stop();
   523  007E54  ECB7  F03E         	call	_I2C_Stop	;wreg free
   524  007E58                     
   525                           ;../XC8-18F25K22_ServoCtrl_Module.X/PCA9685.c: 61:      _delay((unsigned long)((1)*(6400
      +                          0000/4000.0)));
   526  007E58  0E15               	movlw	21
   527  007E5A  6E02               	movwf	??_PCA9685_Init^0,c
   528  007E5C  0EC6               	movlw	198
   529  007E5E                     u207:
   530  007E5E  2EE8               	decfsz	wreg,f,c
   531  007E60  D7FE               	bra	u207
   532  007E62  2E02               	decfsz	??_PCA9685_Init^0,f,c
   533  007E64  D7FC               	bra	u207
   534  007E66  D000               	nop2	
   535                           
   536                           ;../XC8-18F25K22_ServoCtrl_Module.X/PCA9685.c: 63:      I2C_Start();
   537  007E68  ECAD  F03E         	call	_I2C_Start	;wreg free
   538  007E6C                     
   539                           ;../XC8-18F25K22_ServoCtrl_Module.X/PCA9685.c: 64:      I2C_Write_Byte(0x80);
   540  007E6C  0E80               	movlw	128
   541  007E6E  ECC1  F03E         	call	_I2C_Write_Byte
   542  007E72                     
   543                           ;../XC8-18F25K22_ServoCtrl_Module.X/PCA9685.c: 65:      I2C_Write_Byte(0xFE);
   544  007E72  0EFE               	movlw	254
   545  007E74  ECC1  F03E         	call	_I2C_Write_Byte
   546  007E78                     
   547                           ;../XC8-18F25K22_ServoCtrl_Module.X/PCA9685.c: 66:      I2C_Write_Byte(0x7A);
   548  007E78  0E7A               	movlw	122
   549  007E7A  ECC1  F03E         	call	_I2C_Write_Byte
   550  007E7E                     
   551                           ;../XC8-18F25K22_ServoCtrl_Module.X/PCA9685.c: 67:      I2C_Stop();
   552  007E7E  ECB7  F03E         	call	_I2C_Stop	;wreg free
   553  007E82                     
   554                           ;../XC8-18F25K22_ServoCtrl_Module.X/PCA9685.c: 68:      _delay((unsigned long)((1)*(6400
      +                          0000/4000.0)));
   555  007E82  0E15               	movlw	21
   556  007E84  6E02               	movwf	??_PCA9685_Init^0,c
   557  007E86  0EC6               	movlw	198
   558  007E88                     u217:
   559  007E88  2EE8               	decfsz	wreg,f,c
   560  007E8A  D7FE               	bra	u217
   561  007E8C  2E02               	decfsz	??_PCA9685_Init^0,f,c
   562  007E8E  D7FC               	bra	u217
   563  007E90  D000               	nop2	
   564                           
   565                           ;../XC8-18F25K22_ServoCtrl_Module.X/PCA9685.c: 70:      I2C_Start();
   566  007E92  ECAD  F03E         	call	_I2C_Start	;wreg free
   567  007E96                     
   568                           ;../XC8-18F25K22_ServoCtrl_Module.X/PCA9685.c: 71:      I2C_Write_Byte(0x80);
   569  007E96  0E80               	movlw	128
   570  007E98  ECC1  F03E         	call	_I2C_Write_Byte
   571  007E9C                     
   572                           ;../XC8-18F25K22_ServoCtrl_Module.X/PCA9685.c: 72:      I2C_Write_Byte(0x00);
   573  007E9C  0E00               	movlw	0
   574  007E9E  ECC1  F03E         	call	_I2C_Write_Byte
   575  007EA2                     
   576                           ;../XC8-18F25K22_ServoCtrl_Module.X/PCA9685.c: 73:      I2C_Write_Byte(0b10100001);
   577  007EA2  0EA1               	movlw	161
   578  007EA4  ECC1  F03E         	call	_I2C_Write_Byte
   579  007EA8                     
   580                           ;../XC8-18F25K22_ServoCtrl_Module.X/PCA9685.c: 74:      I2C_Stop();
   581  007EA8  ECB7  F03E         	call	_I2C_Stop	;wreg free
   582  007EAC                     
   583                           ;../XC8-18F25K22_ServoCtrl_Module.X/PCA9685.c: 75:      _delay((unsigned long)((1)*(6400
      +                          0000/4000.0)));
   584  007EAC  0E15               	movlw	21
   585  007EAE  6E02               	movwf	??_PCA9685_Init^0,c
   586  007EB0  0EC6               	movlw	198
   587  007EB2                     u227:
   588  007EB2  2EE8               	decfsz	wreg,f,c
   589  007EB4  D7FE               	bra	u227
   590  007EB6  2E02               	decfsz	??_PCA9685_Init^0,f,c
   591  007EB8  D7FC               	bra	u227
   592  007EBA  D000               	nop2	
   593                           
   594                           ;../XC8-18F25K22_ServoCtrl_Module.X/PCA9685.c: 77:      I2C_Start();
   595  007EBC  ECAD  F03E         	call	_I2C_Start	;wreg free
   596  007EC0                     
   597                           ;../XC8-18F25K22_ServoCtrl_Module.X/PCA9685.c: 78:      I2C_Write_Byte(0x80);
   598  007EC0  0E80               	movlw	128
   599  007EC2  ECC1  F03E         	call	_I2C_Write_Byte
   600  007EC6                     
   601                           ;../XC8-18F25K22_ServoCtrl_Module.X/PCA9685.c: 79:      I2C_Write_Byte(0x01);
   602  007EC6  0E01               	movlw	1
   603  007EC8  ECC1  F03E         	call	_I2C_Write_Byte
   604  007ECC                     
   605                           ;../XC8-18F25K22_ServoCtrl_Module.X/PCA9685.c: 80:      I2C_Write_Byte(0b00000100);
   606  007ECC  0E04               	movlw	4
   607  007ECE  ECC1  F03E         	call	_I2C_Write_Byte
   608  007ED2                     
   609                           ;../XC8-18F25K22_ServoCtrl_Module.X/PCA9685.c: 81:      I2C_Stop();
   610  007ED2  ECB7  F03E         	call	_I2C_Stop	;wreg free
   611  007ED6  0012               	return		;funcret
   612  007ED8                     __end_of_PCA9685_Init:
   613                           	callstack 0
   614                           
   615 ;; *************** function _I2C_Write_Byte *****************
   616 ;; Defined at:
   617 ;;		line 140 in file "../XC8-18F25K22_ServoCtrl_Module.X/i2c.c"
   618 ;; Parameters:    Size  Location     Type
   619 ;;  BYTE            1    wreg     unsigned char 
   620 ;; Auto vars:     Size  Location     Type
   621 ;;  BYTE            1    0[COMRAM] unsigned char 
   622 ;; Return value:  Size  Location     Type
   623 ;;                  1    wreg      unsigned char 
   624 ;; Registers used:
   625 ;;		wreg
   626 ;; Tracked objects:
   627 ;;		On entry : 0/0
   628 ;;		On exit  : 0/0
   629 ;;		Unchanged: 0/0
   630 ;; Data sizes:     COMRAM   BANK0   BANK1   BANK2   BANK3   BANK4   BANK5
   631 ;;      Params:         0       0       0       0       0       0       0
   632 ;;      Locals:         1       0       0       0       0       0       0
   633 ;;      Temps:          0       0       0       0       0       0       0
   634 ;;      Totals:         1       0       0       0       0       0       0
   635 ;;Total ram usage:        1 bytes
   636 ;; Hardware stack levels used: 1
   637 ;; This function calls:
   638 ;;		Nothing
   639 ;; This function is called by:
   640 ;;		_PCA9685_Init
   641 ;;		_PCA9685_SetPWM
   642 ;;		_PCA9685_WriteByte
   643 ;;		_PCA9685_ReadByte
   644 ;; This function uses a non-reentrant model
   645 ;;
   646                           
   647                           	psect	text3
   648  007D82                     __ptext3:
   649                           	callstack 0
   650  007D82                     _I2C_Write_Byte:
   651                           	callstack 29
   652                           
   653                           ;incstack = 0
   654                           ;I2C_Write_Byte@BYTE stored from wreg
   655  007D82  6E01               	movwf	I2C_Write_Byte@BYTE^0,c
   656  007D84                     
   657                           ;../XC8-18F25K22_ServoCtrl_Module.X/i2c.c: 141:  SSP2BUF = BYTE;
   658  007D84  C001  FF6F         	movff	I2C_Write_Byte@BYTE,3951	;volatile
   659  007D88                     l81:
   660  007D88  AEA4               	btfss	164,7,c	;volatile
   661  007D8A  EFC9  F03E         	goto	u21
   662  007D8E  EFCB  F03E         	goto	u20
   663  007D92                     u21:
   664  007D92  EFC4  F03E         	goto	l81
   665  007D96                     u20:
   666  007D96                     
   667                           ;../XC8-18F25K22_ServoCtrl_Module.X/i2c.c: 143:  PIR3bits.SSP2IF = 0;
   668  007D96  9EA4               	bcf	164,7,c	;volatile
   669                           
   670                           ;../XC8-18F25K22_ServoCtrl_Module.X/i2c.c: 144:  return SSP2CON2bits.ACKSTAT;;	Return va
      +                          lue of _I2C_Write_Byte is never used
   671  007D98  506B               	movf	107,w,c	;volatile
   672  007D9A  0012               	return		;funcret
   673  007D9C                     __end_of_I2C_Write_Byte:
   674                           	callstack 0
   675                           
   676 ;; *************** function _I2C_Stop *****************
   677 ;; Defined at:
   678 ;;		line 96 in file "../XC8-18F25K22_ServoCtrl_Module.X/i2c.c"
   679 ;; Parameters:    Size  Location     Type
   680 ;;		None
   681 ;; Auto vars:     Size  Location     Type
   682 ;;		None
   683 ;; Return value:  Size  Location     Type
   684 ;;                  1    wreg      void 
   685 ;; Registers used:
   686 ;;		None
   687 ;; Tracked objects:
   688 ;;		On entry : 0/0
   689 ;;		On exit  : 0/0
   690 ;;		Unchanged: 0/0
   691 ;; Data sizes:     COMRAM   BANK0   BANK1   BANK2   BANK3   BANK4   BANK5
   692 ;;      Params:         0       0       0       0       0       0       0
   693 ;;      Locals:         0       0       0       0       0       0       0
   694 ;;      Temps:          0       0       0       0       0       0       0
   695 ;;      Totals:         0       0       0       0       0       0       0
   696 ;;Total ram usage:        0 bytes
   697 ;; Hardware stack levels used: 1
   698 ;; This function calls:
   699 ;;		Nothing
   700 ;; This function is called by:
   701 ;;		_PCA9685_Init
   702 ;;		_PCA9685_SetPWM
   703 ;;		_PCA9685_WriteByte
   704 ;;		_PCA9685_ReadByte
   705 ;; This function uses a non-reentrant model
   706 ;;
   707                           
   708                           	psect	text4
   709  007D6E                     __ptext4:
   710                           	callstack 0
   711  007D6E                     _I2C_Stop:
   712                           	callstack 29
   713  007D6E                     
   714                           ;../XC8-18F25K22_ServoCtrl_Module.X/i2c.c: 97:  SSP2CON2bits.PEN = 1;
   715  007D6E  846B               	bsf	107,2,c	;volatile
   716  007D70                     l63:
   717  007D70  AEA4               	btfss	164,7,c	;volatile
   718  007D72  EFBD  F03E         	goto	u31
   719  007D76  EFBF  F03E         	goto	u30
   720  007D7A                     u31:
   721  007D7A  EFB8  F03E         	goto	l63
   722  007D7E                     u30:
   723  007D7E                     
   724                           ;../XC8-18F25K22_ServoCtrl_Module.X/i2c.c: 99:  PIR3bits.SSP2IF = 0;
   725  007D7E  9EA4               	bcf	164,7,c	;volatile
   726  007D80  0012               	return		;funcret
   727  007D82                     __end_of_I2C_Stop:
   728                           	callstack 0
   729                           
   730 ;; *************** function _I2C_Start *****************
   731 ;; Defined at:
   732 ;;		line 68 in file "../XC8-18F25K22_ServoCtrl_Module.X/i2c.c"
   733 ;; Parameters:    Size  Location     Type
   734 ;;		None
   735 ;; Auto vars:     Size  Location     Type
   736 ;;		None
   737 ;; Return value:  Size  Location     Type
   738 ;;                  1    wreg      void 
   739 ;; Registers used:
   740 ;;		None
   741 ;; Tracked objects:
   742 ;;		On entry : 0/0
   743 ;;		On exit  : 0/0
   744 ;;		Unchanged: 0/0
   745 ;; Data sizes:     COMRAM   BANK0   BANK1   BANK2   BANK3   BANK4   BANK5
   746 ;;      Params:         0       0       0       0       0       0       0
   747 ;;      Locals:         0       0       0       0       0       0       0
   748 ;;      Temps:          0       0       0       0       0       0       0
   749 ;;      Totals:         0       0       0       0       0       0       0
   750 ;;Total ram usage:        0 bytes
   751 ;; Hardware stack levels used: 1
   752 ;; This function calls:
   753 ;;		Nothing
   754 ;; This function is called by:
   755 ;;		_PCA9685_Init
   756 ;;		_PCA9685_SetPWM
   757 ;;		_PCA9685_WriteByte
   758 ;;		_PCA9685_ReadByte
   759 ;; This function uses a non-reentrant model
   760 ;;
   761                           
   762                           	psect	text5
   763  007D5A                     __ptext5:
   764                           	callstack 0
   765  007D5A                     _I2C_Start:
   766                           	callstack 29
   767  007D5A                     
   768                           ;../XC8-18F25K22_ServoCtrl_Module.X/i2c.c: 69:  SSP2CON2bits.SEN = 1;
   769  007D5A  806B               	bsf	107,0,c	;volatile
   770  007D5C                     l51:
   771  007D5C  AEA4               	btfss	164,7,c	;volatile
   772  007D5E  EFB3  F03E         	goto	u11
   773  007D62  EFB5  F03E         	goto	u10
   774  007D66                     u11:
   775  007D66  EFAE  F03E         	goto	l51
   776  007D6A                     u10:
   777  007D6A                     
   778                           ;../XC8-18F25K22_ServoCtrl_Module.X/i2c.c: 71:  PIR3bits.SSP2IF = 0;
   779  007D6A  9EA4               	bcf	164,7,c	;volatile
   780  007D6C  0012               	return		;funcret
   781  007D6E                     __end_of_I2C_Start:
   782                           	callstack 0
   783                           
   784 ;; *************** function _MCU_Init *****************
   785 ;; Defined at:
   786 ;;		line 48 in file "../XC8-18F25K22_ServoCtrl_Module.X/main.c"
   787 ;; Parameters:    Size  Location     Type
   788 ;;		None
   789 ;; Auto vars:     Size  Location     Type
   790 ;;		None
   791 ;; Return value:  Size  Location     Type
   792 ;;                  1    wreg      void 
   793 ;; Registers used:
   794 ;;		wreg, status,2
   795 ;; Tracked objects:
   796 ;;		On entry : 0/0
   797 ;;		On exit  : 0/0
   798 ;;		Unchanged: 0/0
   799 ;; Data sizes:     COMRAM   BANK0   BANK1   BANK2   BANK3   BANK4   BANK5
   800 ;;      Params:         0       0       0       0       0       0       0
   801 ;;      Locals:         0       0       0       0       0       0       0
   802 ;;      Temps:          0       0       0       0       0       0       0
   803 ;;      Totals:         0       0       0       0       0       0       0
   804 ;;Total ram usage:        0 bytes
   805 ;; Hardware stack levels used: 1
   806 ;; This function calls:
   807 ;;		Nothing
   808 ;; This function is called by:
   809 ;;		_main
   810 ;; This function uses a non-reentrant model
   811 ;;
   812                           
   813                           	psect	text6
   814  007E04                     __ptext6:
   815                           	callstack 0
   816  007E04                     _MCU_Init:
   817                           	callstack 30
   818  007E04                     
   819                           ;../XC8-18F25K22_ServoCtrl_Module.X/main.c: 50:     ANSELA = 0;
   820  007E04  0E00               	movlw	0
   821  007E06  010F               	movlb	15	; () banked
   822  007E08  6F38               	movwf	56,b	;volatile
   823                           
   824                           ;../XC8-18F25K22_ServoCtrl_Module.X/main.c: 51:     ANSELB = 0;
   825  007E0A  0E00               	movlw	0
   826  007E0C  6F39               	movwf	57,b	;volatile
   827                           
   828                           ;../XC8-18F25K22_ServoCtrl_Module.X/main.c: 52:     ANSELC = 0;
   829  007E0E  0E00               	movlw	0
   830  007E10  6F3A               	movwf	58,b	;volatile
   831                           
   832                           ;../XC8-18F25K22_ServoCtrl_Module.X/main.c: 55:     OSCCONbits.IRCF=0b111;
   833  007E12  0E70               	movlw	112
   834  007E14  12D3               	iorwf	211,f,c	;volatile
   835  007E16                     
   836                           ; BSR set to: 15
   837                           ;../XC8-18F25K22_ServoCtrl_Module.X/main.c: 57:     OSCTUNEbits.PLLEN=1;
   838  007E16  8C9B               	bsf	155,6,c	;volatile
   839                           
   840                           ;../XC8-18F25K22_ServoCtrl_Module.X/main.c: 60:     TRISA=0b00000000;
   841  007E18  0E00               	movlw	0
   842  007E1A  6E92               	movwf	146,c	;volatile
   843                           
   844                           ;../XC8-18F25K22_ServoCtrl_Module.X/main.c: 61:     TRISB=0b00000000;
   845  007E1C  0E00               	movlw	0
   846  007E1E  6E93               	movwf	147,c	;volatile
   847                           
   848                           ;../XC8-18F25K22_ServoCtrl_Module.X/main.c: 62:     TRISC=0b00000000;
   849  007E20  0E00               	movlw	0
   850  007E22  6E94               	movwf	148,c	;volatile
   851                           
   852                           ;../XC8-18F25K22_ServoCtrl_Module.X/main.c: 65:     LATA=0x00;
   853  007E24  0E00               	movlw	0
   854  007E26  6E89               	movwf	137,c	;volatile
   855                           
   856                           ;../XC8-18F25K22_ServoCtrl_Module.X/main.c: 66:     LATB=0x00;
   857  007E28  0E00               	movlw	0
   858  007E2A  6E8A               	movwf	138,c	;volatile
   859                           
   860                           ;../XC8-18F25K22_ServoCtrl_Module.X/main.c: 67:     LATC=0x00;
   861  007E2C  0E00               	movlw	0
   862  007E2E  6E8B               	movwf	139,c	;volatile
   863                           
   864                           ;../XC8-18F25K22_ServoCtrl_Module.X/main.c: 68:     PORTA=0x00;
   865  007E30  0E00               	movlw	0
   866  007E32  6E80               	movwf	128,c	;volatile
   867                           
   868                           ;../XC8-18F25K22_ServoCtrl_Module.X/main.c: 69:     PORTB=0x00;
   869  007E34  0E00               	movlw	0
   870  007E36  6E81               	movwf	129,c	;volatile
   871                           
   872                           ;../XC8-18F25K22_ServoCtrl_Module.X/main.c: 70:     PORTC=0x00;
   873  007E38  0E00               	movlw	0
   874  007E3A  6E82               	movwf	130,c	;volatile
   875  007E3C                     
   876                           ; BSR set to: 15
   877  007E3C  0012               	return		;funcret
   878  007E3E                     __end_of_MCU_Init:
   879                           	callstack 0
   880                           
   881 ;; *************** function _I2C_Init *****************
   882 ;; Defined at:
   883 ;;		line 52 in file "../XC8-18F25K22_ServoCtrl_Module.X/i2c.c"
   884 ;; Parameters:    Size  Location     Type
   885 ;;		None
   886 ;; Auto vars:     Size  Location     Type
   887 ;;		None
   888 ;; Return value:  Size  Location     Type
   889 ;;                  1    wreg      void 
   890 ;; Registers used:
   891 ;;		wreg, status,2
   892 ;; Tracked objects:
   893 ;;		On entry : 0/0
   894 ;;		On exit  : 0/0
   895 ;;		Unchanged: 0/0
   896 ;; Data sizes:     COMRAM   BANK0   BANK1   BANK2   BANK3   BANK4   BANK5
   897 ;;      Params:         0       0       0       0       0       0       0
   898 ;;      Locals:         0       0       0       0       0       0       0
   899 ;;      Temps:          0       0       0       0       0       0       0
   900 ;;      Totals:         0       0       0       0       0       0       0
   901 ;;Total ram usage:        0 bytes
   902 ;; Hardware stack levels used: 1
   903 ;; This function calls:
   904 ;;		Nothing
   905 ;; This function is called by:
   906 ;;		_main
   907 ;; This function uses a non-reentrant model
   908 ;;
   909                           
   910                           	psect	text7
   911  007D48                     __ptext7:
   912                           	callstack 0
   913  007D48                     _I2C_Init:
   914                           	callstack 30
   915  007D48                     
   916                           ;../XC8-18F25K22_ServoCtrl_Module.X/i2c.c: 53:  TRISBbits.RB2 = 1;
   917  007D48  8493               	bsf	147,2,c	;volatile
   918                           
   919                           ;../XC8-18F25K22_ServoCtrl_Module.X/i2c.c: 54:  TRISBbits.RB1 = 1;
   920  007D4A  8293               	bsf	147,1,c	;volatile
   921  007D4C                     
   922                           ;../XC8-18F25K22_ServoCtrl_Module.X/i2c.c: 55:  SSP2ADD = ((64000000/4000)/100) - 1;
   923  007D4C  0E9F               	movlw	159
   924  007D4E  6E6E               	movwf	110,c	;volatile
   925                           
   926                           ;../XC8-18F25K22_ServoCtrl_Module.X/i2c.c: 56:  SSP2STAT = 0b10000000;
   927  007D50  0E80               	movlw	128
   928  007D52  6E6D               	movwf	109,c	;volatile
   929                           
   930                           ;../XC8-18F25K22_ServoCtrl_Module.X/i2c.c: 57:  SSP2CON1 = 0b00101000;
   931  007D54  0E28               	movlw	40
   932  007D56  6E6C               	movwf	108,c	;volatile
   933  007D58  0012               	return		;funcret
   934  007D5A                     __end_of_I2C_Init:
   935                           	callstack 0
   936  0000                     
   937                           	psect	rparam
   938  0000                     
   939                           	psect	idloc
   940                           
   941                           ;Config register IDLOC0 @ 0x200000
   942                           ;	unspecified, using default values
   943  200000                     	org	2097152
   944  200000  FF                 	db	255
   945                           
   946                           ;Config register IDLOC1 @ 0x200001
   947                           ;	unspecified, using default values
   948  200001                     	org	2097153
   949  200001  FF                 	db	255
   950                           
   951                           ;Config register IDLOC2 @ 0x200002
   952                           ;	unspecified, using default values
   953  200002                     	org	2097154
   954  200002  FF                 	db	255
   955                           
   956                           ;Config register IDLOC3 @ 0x200003
   957                           ;	unspecified, using default values
   958  200003                     	org	2097155
   959  200003  FF                 	db	255
   960                           
   961                           ;Config register IDLOC4 @ 0x200004
   962                           ;	unspecified, using default values
   963  200004                     	org	2097156
   964  200004  FF                 	db	255
   965                           
   966                           ;Config register IDLOC5 @ 0x200005
   967                           ;	unspecified, using default values
   968  200005                     	org	2097157
   969  200005  FF                 	db	255
   970                           
   971                           ;Config register IDLOC6 @ 0x200006
   972                           ;	unspecified, using default values
   973  200006                     	org	2097158
   974  200006  FF                 	db	255
   975                           
   976                           ;Config register IDLOC7 @ 0x200007
   977                           ;	unspecified, using default values
   978  200007                     	org	2097159
   979  200007  FF                 	db	255
   980                           
   981                           	psect	config
   982                           
   983                           ; Padding undefined space
   984  300000                     	org	3145728
   985  300000  FF                 	db	255
   986                           
   987                           ;Config register CONFIG1H @ 0x300001
   988                           ;	Oscillator Selection bits
   989                           ;	FOSC = INTIO67, Internal oscillator block
   990                           ;	4X PLL Enable
   991                           ;	PLLCFG = OFF, Oscillator used directly
   992                           ;	Primary clock enable bit
   993                           ;	PRICLKEN = ON, Primary clock enabled
   994                           ;	Fail-Safe Clock Monitor Enable bit
   995                           ;	FCMEN = OFF, Fail-Safe Clock Monitor disabled
   996                           ;	Internal/External Oscillator Switchover bit
   997                           ;	IESO = OFF, Oscillator Switchover mode disabled
   998  300001                     	org	3145729
   999  300001  28                 	db	40
  1000                           
  1001                           ;Config register CONFIG2L @ 0x300002
  1002                           ;	Power-up Timer Enable bit
  1003                           ;	PWRTEN = OFF, Power up timer disabled
  1004                           ;	Brown-out Reset Enable bits
  1005                           ;	BOREN = OFF, Brown-out Reset disabled in hardware and software
  1006                           ;	Brown Out Reset Voltage bits
  1007                           ;	BORV = 190, VBOR set to 1.90 V nominal
  1008  300002                     	org	3145730
  1009  300002  19                 	db	25
  1010                           
  1011                           ;Config register CONFIG2H @ 0x300003
  1012                           ;	Watchdog Timer Enable bits
  1013                           ;	WDTEN = OFF, Watch dog timer is always disabled. SWDTEN has no effect.
  1014                           ;	Watchdog Timer Postscale Select bits
  1015                           ;	WDTPS = 32768, 1:32768
  1016  300003                     	org	3145731
  1017  300003  3C                 	db	60
  1018                           
  1019                           ; Padding undefined space
  1020  300004                     	org	3145732
  1021  300004  FF                 	db	255
  1022                           
  1023                           ;Config register CONFIG3H @ 0x300005
  1024                           ;	CCP2 MUX bit
  1025                           ;	CCP2MX = PORTC1, CCP2 input/output is multiplexed with RC1
  1026                           ;	PORTB A/D Enable bit
  1027                           ;	PBADEN = OFF, PORTB<5:0> pins are configured as digital I/O on Reset
  1028                           ;	P3A/CCP3 Mux bit
  1029                           ;	CCP3MX = PORTB5, P3A/CCP3 input/output is multiplexed with RB5
  1030                           ;	HFINTOSC Fast Start-up
  1031                           ;	HFOFST = OFF, HFINTOSC output and ready status are delayed by the oscillator stable st
      +                          atus
  1032                           ;	Timer3 Clock input mux bit
  1033                           ;	T3CMX = PORTC0, T3CKI is on RC0
  1034                           ;	ECCP2 B output mux bit
  1035                           ;	P2BMX = PORTB5, P2B is on RB5
  1036                           ;	MCLR Pin Enable bit
  1037                           ;	MCLRE = EXTMCLR, MCLR pin enabled, RE3 input pin disabled
  1038  300005                     	org	3145733
  1039  300005  B5                 	db	181
  1040                           
  1041                           ;Config register CONFIG4L @ 0x300006
  1042                           ;	Stack Full/Underflow Reset Enable bit
  1043                           ;	STVREN = ON, Stack full/underflow will cause Reset
  1044                           ;	Single-Supply ICSP Enable bit
  1045                           ;	LVP = OFF, Single-Supply ICSP disabled
  1046                           ;	Extended Instruction Set Enable bit
  1047                           ;	XINST = OFF, Instruction set extension and Indexed Addressing mode disabled (Legacy mo
      +                          de)
  1048                           ;	Background Debug
  1049                           ;	DEBUG = 0x1, unprogrammed default
  1050  300006                     	org	3145734
  1051  300006  81                 	db	129
  1052                           
  1053                           ; Padding undefined space
  1054  300007                     	org	3145735
  1055  300007  FF                 	db	255
  1056                           
  1057                           ;Config register CONFIG5L @ 0x300008
  1058                           ;	Code Protection Block 0
  1059                           ;	CP0 = OFF, Block 0 (000800-001FFFh) not code-protected
  1060                           ;	Code Protection Block 1
  1061                           ;	CP1 = OFF, Block 1 (002000-003FFFh) not code-protected
  1062                           ;	Code Protection Block 2
  1063                           ;	CP2 = OFF, Block 2 (004000-005FFFh) not code-protected
  1064                           ;	Code Protection Block 3
  1065                           ;	CP3 = OFF, Block 3 (006000-007FFFh) not code-protected
  1066  300008                     	org	3145736
  1067  300008  0F                 	db	15
  1068                           
  1069                           ;Config register CONFIG5H @ 0x300009
  1070                           ;	Boot Block Code Protection bit
  1071                           ;	CPB = OFF, Boot block (000000-0007FFh) not code-protected
  1072                           ;	Data EEPROM Code Protection bit
  1073                           ;	CPD = OFF, Data EEPROM not code-protected
  1074  300009                     	org	3145737
  1075  300009  C0                 	db	192
  1076                           
  1077                           ;Config register CONFIG6L @ 0x30000A
  1078                           ;	Write Protection Block 0
  1079                           ;	WRT0 = OFF, Block 0 (000800-001FFFh) not write-protected
  1080                           ;	Write Protection Block 1
  1081                           ;	WRT1 = OFF, Block 1 (002000-003FFFh) not write-protected
  1082                           ;	Write Protection Block 2
  1083                           ;	WRT2 = OFF, Block 2 (004000-005FFFh) not write-protected
  1084                           ;	Write Protection Block 3
  1085                           ;	WRT3 = OFF, Block 3 (006000-007FFFh) not write-protected
  1086  30000A                     	org	3145738
  1087  30000A  0F                 	db	15
  1088                           
  1089                           ;Config register CONFIG6H @ 0x30000B
  1090                           ;	Configuration Register Write Protection bit
  1091                           ;	WRTC = OFF, Configuration registers (300000-3000FFh) not write-protected
  1092                           ;	Boot Block Write Protection bit
  1093                           ;	WRTB = OFF, Boot Block (000000-0007FFh) not write-protected
  1094                           ;	Data EEPROM Write Protection bit
  1095                           ;	WRTD = OFF, Data EEPROM not write-protected
  1096  30000B                     	org	3145739
  1097  30000B  E0                 	db	224
  1098                           
  1099                           ;Config register CONFIG7L @ 0x30000C
  1100                           ;	Table Read Protection Block 0
  1101                           ;	EBTR0 = OFF, Block 0 (000800-001FFFh) not protected from table reads executed in other
      +                           blocks
  1102                           ;	Table Read Protection Block 1
  1103                           ;	EBTR1 = OFF, Block 1 (002000-003FFFh) not protected from table reads executed in other
      +                           blocks
  1104                           ;	Table Read Protection Block 2
  1105                           ;	EBTR2 = OFF, Block 2 (004000-005FFFh) not protected from table reads executed in other
      +                           blocks
  1106                           ;	Table Read Protection Block 3
  1107                           ;	EBTR3 = OFF, Block 3 (006000-007FFFh) not protected from table reads executed in other
      +                           blocks
  1108  30000C                     	org	3145740
  1109  30000C  0F                 	db	15
  1110                           
  1111                           ;Config register CONFIG7H @ 0x30000D
  1112                           ;	Boot Block Table Read Protection bit
  1113                           ;	EBTRB = OFF, Boot Block (000000-0007FFh) not protected from table reads executed in ot
      +                          her blocks
  1114  30000D                     	org	3145741
  1115  30000D  40                 	db	64
  1116                           tosu	equ	0xFFF
  1117                           tosh	equ	0xFFE
  1118                           tosl	equ	0xFFD
  1119                           stkptr	equ	0xFFC
  1120                           pclatu	equ	0xFFB
  1121                           pclath	equ	0xFFA
  1122                           pcl	equ	0xFF9
  1123                           tblptru	equ	0xFF8
  1124                           tblptrh	equ	0xFF7
  1125                           tblptrl	equ	0xFF6
  1126                           tablat	equ	0xFF5
  1127                           prodh	equ	0xFF4
  1128                           prodl	equ	0xFF3
  1129                           indf0	equ	0xFEF
  1130                           postinc0	equ	0xFEE
  1131                           postdec0	equ	0xFED
  1132                           preinc0	equ	0xFEC
  1133                           plusw0	equ	0xFEB
  1134                           fsr0h	equ	0xFEA
  1135                           fsr0l	equ	0xFE9
  1136                           wreg	equ	0xFE8
  1137                           indf1	equ	0xFE7
  1138                           postinc1	equ	0xFE6
  1139                           postdec1	equ	0xFE5
  1140                           preinc1	equ	0xFE4
  1141                           plusw1	equ	0xFE3
  1142                           fsr1h	equ	0xFE2
  1143                           fsr1l	equ	0xFE1
  1144                           bsr	equ	0xFE0
  1145                           indf2	equ	0xFDF
  1146                           postinc2	equ	0xFDE
  1147                           postdec2	equ	0xFDD
  1148                           preinc2	equ	0xFDC
  1149                           plusw2	equ	0xFDB
  1150                           fsr2h	equ	0xFDA
  1151                           fsr2l	equ	0xFD9
  1152                           status	equ	0xFD8

Data Sizes:
    Strings     0
    Constant    0
    Data        4
    BSS         6
    Persistent  0
    Stack       0

Auto Spaces:
    Space          Size  Autos    Used
    COMRAM           95      8      18
    BANK0           160      0       0
    BANK1           256      0       0
    BANK2           256      0       0
    BANK3           256      0       0
    BANK4           256      0       0
    BANK5           256      0       0

Pointer List with Targets:

    None.

Critical Paths under _main in COMRAM

    _main->_PCA9685_SetPWM
    _PCA9685_SetPWM->_I2C_Write_Byte
    _PCA9685_Init->_I2C_Write_Byte

Critical Paths under _main in BANK0

    None.

Critical Paths under _main in BANK1

    None.

Critical Paths under _main in BANK2

    None.

Critical Paths under _main in BANK3

    None.

Critical Paths under _main in BANK4

    None.

Critical Paths under _main in BANK5

    None.

Call Graph Tables:

 ---------------------------------------------------------------------------------
 (Depth) Function   	        Calls       Base Space   Used Autos Params    Refs
 ---------------------------------------------------------------------------------
 (0) _main                                                 2     2      0     748
                                              6 COMRAM     2     2      0
                           _I2C_Init
                           _MCU_Init
                       _PCA9685_Init
                     _PCA9685_SetPWM
 ---------------------------------------------------------------------------------
 (1) _PCA9685_SetPWM                                       5     1      4     733
                                              1 COMRAM     5     1      4
                          _I2C_Start
                           _I2C_Stop
                     _I2C_Write_Byte
 ---------------------------------------------------------------------------------
 (1) _PCA9685_Init                                         1     1      0      15
                                              1 COMRAM     1     1      0
                          _I2C_Start
                           _I2C_Stop
                     _I2C_Write_Byte
 ---------------------------------------------------------------------------------
 (2) _I2C_Write_Byte                                       1     1      0      15
                                              0 COMRAM     1     1      0
 ---------------------------------------------------------------------------------
 (2) _I2C_Stop                                             0     0      0       0
 ---------------------------------------------------------------------------------
 (2) _I2C_Start                                            0     0      0       0
 ---------------------------------------------------------------------------------
 (1) _MCU_Init                                             0     0      0       0
 ---------------------------------------------------------------------------------
 (1) _I2C_Init                                             0     0      0       0
 ---------------------------------------------------------------------------------
 Estimated maximum stack depth 2
 ---------------------------------------------------------------------------------

 Call Graph Graphs:

 _main (ROOT)
   _I2C_Init
   _MCU_Init
   _PCA9685_Init
     _I2C_Start
     _I2C_Stop
     _I2C_Write_Byte
   _PCA9685_SetPWM
     _I2C_Start
     _I2C_Stop
     _I2C_Write_Byte

 Address spaces:
Name               Size   Autos  Total    Cost      Usage
BIGRAM             5FF      0       0      24        0.0%
EEDATA             100      0       0       0        0.0%
BITBANK5           100      0       0      13        0.0%
BANK5              100      0       0      14        0.0%
BITBANK4           100      0       0      11        0.0%
BANK4              100      0       0      12        0.0%
BITBANK3           100      0       0       9        0.0%
BANK3              100      0       0      10        0.0%
BITBANK2           100      0       0       7        0.0%
BANK2              100      0       0       8        0.0%
BITBANK1           100      0       0       5        0.0%
BANK1              100      0       0       6        0.0%
BITBANK0            A0      0       0       3        0.0%
BANK0               A0      0       0       4        0.0%
BITCOMRAM           5F      0       0       0        0.0%
COMRAM              5F      8      12       1       18.9%
BITBIGSFRll         30      0       0      22        0.0%
BITBIGSFRhhl        2E      0       0      16        0.0%
BITBIGSFRhhh        2C      0       0      15        0.0%
BITBIGSFRlhll       10      0       0      21        0.0%
BITBIGSFRhlh         8      0       0      17        0.0%
BITBIGSFRlhlh        6      0       0      20        0.0%
BITBIGSFRlhh         6      0       0      19        0.0%
BITBIGSFRhll         6      0       0      18        0.0%
BIGSFR               0      0       0     200        0.0%
BITSFR_1             0      0       0     200        0.0%
SFR_1                0      0       0     200        0.0%
BITSFR               0      0       0     200        0.0%
SFR                  0      0       0     200        0.0%
STACK                0      0       0       2        0.0%
NULL                 0      0       0       0        0.0%
ABS                  0      0      12      23        0.0%
DATA                 0      0      12      25        0.0%
CODE                 0      0       0       0        0.0%


Microchip Technology PIC18 Macro Assembler V2.36 build 20220127204148 
Symbol Table                                                                                   Fri Apr 18 23:57:31 2025

                     l15 7ED6                       l18 7E02                       l51 7D5C  
                     l53 7D6A                       l54 7D6C                       l63 7D70  
                     l48 7D58                       l65 7D7E                       l81 7D88  
                     l66 7D80                       l83 7D96                       l84 7D9A  
                     u10 7D6A                       u11 7D66                       u20 7D96  
                     u21 7D92                       u30 7D7E                       u31 7D7A  
                    l151 7E3C                      l831 7D6E                      l921 7E04  
                    l841 7E54                      l833 7E3E                      l923 7E16  
                    l827 7D5A                      l851 7E7E                      l843 7E58  
                    l835 7E42                      l917 7D48                      l829 7D84  
                    l861 7EA8                      l853 7E82                      l845 7E6C  
                    l837 7E48                      l919 7D4C                      l871 7ED2  
                    l863 7EAC                      l855 7E96                      l847 7E72  
                    l839 7E4E                      l865 7EC0                      l857 7E9C  
                    l849 7E78                      l867 7EC6                      l859 7EA2  
                    l869 7ECC                      u140 7F56                      u141 7F52  
                    u150 7FE0                      u207 7E5E                      u151 7FDC  
                    u217 7E88                      u227 7EB2                      u167 7F26  
                    u177 7F60                      u187 7FB0                      u197 7FEA  
     I2C_Write_Byte@BYTE 0001                      wreg 000FE8                     l1001 7DD0  
                   l1011 7DF2                     l1003 7DD4                     l1013 7DF8  
                   l1005 7DDA                     l1021 7EE4                     l1015 7DFE  
                   l1007 7DE6                     l1031 7F56                     l1023 7EF0  
                   l1009 7DEC                     l1041 7FCA                     l1033 7F6E  
                   l1025 7F1C                     l1017 7ED8                     l1043 7FE0  
                   l1035 7F7A                     l1027 7F34                     l1019 7EE0  
                   l1037 7FA6                     l1029 7F40                     l1039 7FBE  
                   _LATA 000F89                     _LATB 000F8A                     _LATC 000F8B  
                   _main 7ED8                     _duty 000D         __end_of_I2C_Init 7D5A  
                   fsr1l 000FE1         __end_of_I2C_Stop 7D82                     prodl 000FF3  
                   start 0000             ___param_bank 000000     __end_of_PCA9685_Init 7ED8  
                  ?_main 0001         __end_of_MCU_Init 7E3E                    _PORTA 000F80  
                  _PORTB 000F81                    _PORTC 000F82                    _TRISA 000F92  
                  _TRISB 000F93                    _TRISC 000F94        __end_of_I2C_Start 7D6E  
                  tablat 000FF5                    status 000FD8          __initialization 7D9C  
           __end_of_main 8000                   ??_main 0007            __activetblptr 000000  
                 _ANSELA 000F38                   _ANSELB 000F39                   _ANSELC 000F3A  
                 isa$std 000001             __pdataCOMRAM 000F                ?_I2C_Init 0001  
              ?_I2C_Stop 0001                   tblptrh 000FF7                   tblptrl 000FF6  
                 tblptru 000FF8               __accesstop 0060  __end_of__initialization 7DC8  
          ___rparam_used 000001                ?_MCU_Init 0001           __pcstackCOMRAM 0001  
         _PCA9685_SetPWM 7DCE               ??_I2C_Init 0001               ??_I2C_Stop 0001  
           _PCA9685_Init 7E3E   __end_of_PCA9685_SetPWM 7E04               ??_MCU_Init 0001  
                _SSP2ADD 000F6E                  _SSP2BUF 000F6F                _I2C_Start 7D5A  
        ?_PCA9685_SetPWM 0002                  __Hparam 0000                  __Lparam 0000  
                __pcinit 7D9C                  __ramtop 0600                  __ptext0 7ED8  
                __ptext1 7DCE                  __ptext2 7E3E                  __ptext3 7D82  
                __ptext4 7D6E                  __ptext5 7D5A                  __ptext6 7E04  
                __ptext7 7D48     end_of_initialization 7DC8               ?_I2C_Start 0001  
                postdec1 000FE5                  postinc0 000FEE                _TRISBbits 000F93  
         _I2C_Write_Byte 7D82            __pidataCOMRAM 7D44      start_initialization 7D9C  
            ??_I2C_Start 0001   __end_of_I2C_Write_Byte 7D9C              __pbssCOMRAM 0009  
       ??_PCA9685_SetPWM 0006          ?_I2C_Write_Byte 0001                 _I2C_Init 7D48  
               _I2C_Stop 7D6E                 _MCU_Init 7E04                 _PIR3bits 000FA4  
               _SSP2CON1 000F6C              _maxPWM_Duty 0011                 _SSP2STAT 000F6D  
            _minPWM_Duty 000F                copy_data0 7DB0                 __Hrparam 0000  
               __Lrparam 0000             _SSP2CON2bits 000F6B            ?_PCA9685_Init 0001  
               isa$xinst 000000              _OSCTUNEbits 000F9B         __oscillator_freq 0009  
         ??_PCA9685_Init 0002   PCA9685_SetPWM@DATA_OFF 0004         ??_I2C_Write_Byte 0001  
             _OSCCONbits 000FD3    PCA9685_SetPWM@CHANNEL 0006    PCA9685_SetPWM@DATA_ON 0002  
